\BOOKMARK [1][-]{section.1}{\376\377\137\025\000\040\000\040\212\000}{}% 1
\BOOKMARK [1][-]{section.2}{\376\377\133\236\232\214\123\237\164\006}{}% 2
\BOOKMARK [1][-]{section.3}{\376\377\171\136\176\317\137\142\140\001\202\257\162\107\166\204\127\372\147\054\123\237\164\006}{}% 3
\BOOKMARK [2][-]{subsection.3.1}{\376\377\171\136\176\317\137\142\140\001\202\257\162\107\151\202\217\360}{section.3}% 4
\BOOKMARK [2][-]{subsection.3.2}{\376\377\152\041\142\337\171\136\176\317\121\103\122\237\200\375}{section.3}% 5
\BOOKMARK [3][-]{subsubsection.3.2.1}{\376\377\171\136\176\317\121\103\176\304\142\020\116\377\165\037}{subsection.3.2}% 6
\BOOKMARK [3][-]{subsubsection.3.2.2}{\376\377\171\136\176\317\137\142\140\001\202\257\162\107\166\204\217\336\143\245\176\323\147\204}{subsection.3.2}% 7
\BOOKMARK [3][-]{subsubsection.3.2.3}{\376\377\171\136\176\317\137\142\140\001\202\257\162\107\166\204\136\166\210\114\131\004\164\006\200\375\122\233}{subsection.3.2}% 8
\BOOKMARK [3][-]{subsubsection.3.2.4}{\376\377\133\146\116\140\124\214\220\002\136\224\200\375\122\233}{subsection.3.2}% 9
\BOOKMARK [2][-]{subsection.3.3}{\376\377\117\030\122\277}{section.3}% 10
\BOOKMARK [1][-]{section.4}{\376\377\201\021\143\247\145\340\116\272\174\373\176\337\166\204\163\260\162\266\124\214\143\021\142\030}{}% 11
\BOOKMARK [2][-]{subsection.4.1}{\376\377\201\021\147\072\143\245\123\343\142\200\147\057\151\202\217\360}{section.4}% 12
\BOOKMARK [2][-]{subsection.4.2}{\376\377\145\340\116\272\174\373\176\337\166\204\123\321\134\125\124\214\136\224\165\050}{section.4}% 13
\BOOKMARK [2][-]{subsection.4.3}{\376\377\201\021\143\247\145\340\116\272\174\373\176\337\166\204\143\021\142\030\124\214\226\120\122\066}{section.4}% 14
\BOOKMARK [3][-]{subsubsection.4.3.1}{\376\377\117\341\123\367\122\006\217\250\163\207\124\214\121\306\170\156\140\047}{subsection.4.3}% 15
\BOOKMARK [3][-]{subsubsection.4.3.2}{\376\377\133\236\145\366\140\047\124\214\136\366\217\337}{subsection.4.3}% 16
\BOOKMARK [3][-]{subsubsection.4.3.3}{\376\377\165\050\142\067\213\255\176\303\124\214\220\002\136\224\140\047}{subsection.4.3}% 17
\BOOKMARK [3][-]{subsubsection.4.3.4}{\376\377\117\046\164\006\124\214\226\220\171\301\225\356\230\230}{subsection.4.3}% 18
\BOOKMARK [1][-]{section.5}{\376\377\171\136\176\317\137\142\140\001\202\257\162\107\127\050\201\021\143\247\145\340\116\272\174\373\176\337\116\055\166\204\136\224\165\050\150\110\117\213}{}% 19
\BOOKMARK [2][-]{subsection.5.1}{\376\377\123\125\145\340\116\272\217\146\174\373\176\337}{section.5}% 20
\BOOKMARK [2][-]{subsection.5.2}{\376\377\131\032\145\340\116\272\217\146\174\373\176\337}{section.5}% 21
\BOOKMARK [2][-]{subsection.5.3}{\376\377\145\340\116\272\202\071}{section.5}% 22
\BOOKMARK [2][-]{subsection.5.4}{\376\377\172\172\225\364\230\336\210\114\126\150}{section.5}% 23
\BOOKMARK [1][-]{section.6}{\376\377\171\136\176\317\137\142\140\001\202\257\162\107\127\050\123\073\133\146\124\214\121\233\116\213\230\206\127\337\166\204\136\224\165\050\134\125\147\033}{}% 24
\BOOKMARK [2][-]{subsection.6.1}{\376\377\123\073\133\146\230\206\127\337\166\204\136\224\165\050\134\125\147\033}{section.6}% 25
\BOOKMARK [3][-]{subsubsection.6.1.1}{\376\377\201\021\147\072\143\245\123\343\124\214\120\107\200\242\143\247\122\066}{subsection.6.1}% 26
\BOOKMARK [3][-]{subsubsection.6.1.2}{\376\377\171\136\176\317\165\276\165\305\154\273\165\227}{subsection.6.1}% 27
\BOOKMARK [2][-]{subsection.6.2}{\376\377\121\233\116\213\230\206\127\337\166\204\136\224\165\050\134\125\147\033}{section.6}% 28
\BOOKMARK [3][-]{subsubsection.6.2.1}{\376\377\121\233\116\213\144\315\117\134\124\214\143\007\143\045}{subsection.6.2}% 29
\BOOKMARK [3][-]{subsubsection.6.2.2}{\376\377\130\353\121\165\213\255\176\303\124\214\130\236\137\072}{subsection.6.2}% 30
\BOOKMARK [2][-]{subsection.6.3}{\376\377\134\017\176\323}{section.6}% 31
\BOOKMARK [1][-]{section.7}{\376\377\171\136\176\317\174\373\176\337\202\257\162\107\116\016\116\272\135\345\146\172\200\375\166\204\176\323\124\010}{}% 32
\BOOKMARK [1][-]{section.8}{\376\377\136\224\165\050\120\107\213\276}{}% 33
\BOOKMARK [2][-]{subsection.8.1}{\376\377\171\136\176\317\137\142\140\001\202\257\162\107\127\050\171\136\176\317\165\276\165\305\154\273\165\227\116\055\166\204\116\000\116\052\121\167\117\123\136\224\165\050\145\271\150\110\124\214\117\177\165\050\145\271\154\325}{section.8}% 34
\BOOKMARK [1][-]{section.9}{\376\377\176\323\213\272\116\016\134\125\147\033}{}% 35
\BOOKMARK [2][-]{subsection.9.1}{\376\377\176\323\213\272}{section.9}% 36
\BOOKMARK [2][-]{subsection.9.2}{\376\377\134\125\147\033}{section.9}% 37
